[debug] [2025-08-19T09:12:49.531Z] ----------------------------------------------------------------------
[debug] [2025-08-19T09:12:49.533Z] Command:       C:\Program Files\nodejs\node.exe C:\Users\zulfa\AppData\Roaming\npm\node_modules\firebase-tools\lib\bin\firebase.js init
[debug] [2025-08-19T09:12:49.533Z] CLI Version:   14.12.1
[debug] [2025-08-19T09:12:49.533Z] Platform:      win32
[debug] [2025-08-19T09:12:49.534Z] Node Version:  v22.18.0
[debug] [2025-08-19T09:12:49.534Z] Time:          Tue Aug 19 2025 13:12:49 GMT+0400 (GMT+04:00)
[debug] [2025-08-19T09:12:49.534Z] ----------------------------------------------------------------------
[debug] 
[debug] [2025-08-19T09:12:49.537Z] > command requires scopes: ["email","openid","https://www.googleapis.com/auth/cloudplatformprojects.readonly","https://www.googleapis.com/auth/firebase","https://www.googleapis.com/auth/cloud-platform"]
[debug] [2025-08-19T09:12:49.537Z] > authorizing via signed-in user (zulfat-ilyasov@mail.ru)
[info] 
     ######## #### ########  ######## ########     ###     ######  ########
     ##        ##  ##     ## ##       ##     ##  ##   ##  ##       ##
     ######    ##  ########  ######   ########  #########  ######  ######
     ##        ##  ##    ##  ##       ##     ## ##     ##       ## ##
     ##       #### ##     ## ######## ########  ##     ##  ######  ########

You're about to initialize a Firebase project in this directory:

  C:\Zulfs-Fronted\zulfs-frontend

Before we get started, keep in mind:

  * You are currently outside your home directory

